<?xml version="1.0" encoding="UTF-8"?>
<testng-results skipped="0" failed="0" ignored="0" total="1" passed="1">
  <reporter-output>
  </reporter-output>
  <suite name="Default suite" duration-ms="23712" started-at="2018-10-13T19:44:51Z" finished-at="2018-10-13T19:45:15Z">
    <groups>
    </groups>
    <test name="Default test" duration-ms="23712" started-at="2018-10-13T19:44:51Z" finished-at="2018-10-13T19:45:15Z">
      <class name="NewTest">
        <test-method status="PASS" signature="beforeMethod()[pri:0, instance:NewTest@4cc0edeb]" name="beforeMethod" is-config="true" duration-ms="10886" started-at="2018-10-13T19:44:51Z" finished-at="2018-10-13T19:45:02Z">
          <reporter-output>
          </reporter-output>
        </test-method> <!-- beforeMethod -->
        <test-method status="PASS" signature="main()[pri:0, instance:NewTest@4cc0edeb]" name="main" duration-ms="12092" started-at="2018-10-13T19:45:02Z" finished-at="2018-10-13T19:45:14Z">
          <reporter-output>
          </reporter-output>
        </test-method> <!-- main -->
        <test-method status="PASS" signature="afterMethod()[pri:0, instance:NewTest@4cc0edeb]" name="afterMethod" is-config="true" duration-ms="701" started-at="2018-10-13T19:45:14Z" finished-at="2018-10-13T19:45:15Z">
          <reporter-output>
          </reporter-output>
        </test-method> <!-- afterMethod -->
      </class> <!-- NewTest -->
    </test> <!-- Default test -->
  </suite> <!-- Default suite -->
</testng-results>
